<?xml version="1.0" encoding="UTF-8"?>
<testng-results skipped="0" failed="0" ignored="0" total="1" passed="1">
  <reporter-output>
  </reporter-output>
  <suite name="Default suite" duration-ms="36725" started-at="2017-08-09T20:20:02Z" finished-at="2017-08-09T20:20:39Z">
    <groups>
    </groups>
    <test name="Default test" duration-ms="36725" started-at="2017-08-09T20:20:02Z" finished-at="2017-08-09T20:20:39Z">
      <class name="testcase.TC_001">
        <test-method status="PASS" signature="testCase1()[pri:0, instance:testcase.TC_001@6767c1fc]" name="testCase1" duration-ms="36657" started-at="2017-08-10T01:50:02Z" finished-at="2017-08-10T01:50:39Z">
          <reporter-output>
          </reporter-output>
        </test-method> <!-- testCase1 -->
      </class> <!-- testcase.TC_001 -->
    </test> <!-- Default test -->
  </suite> <!-- Default suite -->
</testng-results>
